<?xml version="1.0" encoding="UTF-8"?>
<coverage generated="1741349729303" clover="3.2.0">
  <project timestamp="1741349729303" name="All files">
    <metrics statements="37" coveredstatements="14" conditionals="12" coveredconditionals="6" methods="4" coveredmethods="2" elements="53" coveredelements="22" complexity="0" loc="37" ncloc="37" packages="1" files="1" classes="1"/>
    <file name="auth.controller.ts" path="E:\Work\travpe\travpe_fullstack\travpe_backend\src\controllers\auth.controller.ts">
      <metrics statements="37" coveredstatements="14" conditionals="12" coveredconditionals="6" methods="4" coveredmethods="2"/>
      <line num="2" count="1" type="stmt"/>
      <line num="3" count="1" type="stmt"/>
      <line num="5" count="1" type="stmt"/>
      <line num="8" count="2" type="stmt"/>
      <line num="9" count="2" type="stmt"/>
      <line num="12" count="2" type="cond" truecount="4" falsecount="0"/>
      <line num="13" count="1" type="stmt"/>
      <line num="14" count="1" type="stmt"/>
      <line num="17" count="1" type="stmt"/>
      <line num="20" count="1" type="stmt"/>
      <line num="31" count="0" type="stmt"/>
      <line num="35" count="1" type="cond" truecount="1" falsecount="0"/>
      <line num="36" count="1" type="stmt"/>
      <line num="37" count="1" type="stmt"/>
      <line num="39" count="0" type="stmt"/>
      <line num="40" count="0" type="stmt"/>
      <line num="45" count="1" type="stmt"/>
      <line num="46" count="0" type="stmt"/>
      <line num="49" count="0" type="cond" truecount="0" falsecount="3"/>
      <line num="50" count="0" type="stmt"/>
      <line num="51" count="0" type="stmt"/>
      <line num="54" count="0" type="stmt"/>
      <line num="55" count="0" type="stmt"/>
      <line num="62" count="0" type="cond" truecount="0" falsecount="1"/>
      <line num="63" count="0" type="stmt"/>
      <line num="64" count="0" type="stmt"/>
      <line num="67" count="0" type="stmt"/>
      <line num="68" count="0" type="stmt"/>
      <line num="72" count="0" type="cond" truecount="0" falsecount="1"/>
      <line num="73" count="0" type="stmt"/>
      <line num="74" count="0" type="stmt"/>
      <line num="78" count="0" type="stmt"/>
      <line num="82" count="0" type="stmt"/>
      <line num="83" count="0" type="stmt"/>
      <line num="84" count="0" type="stmt"/>
      <line num="86" count="0" type="stmt"/>
      <line num="87" count="0" type="stmt"/>
    </file>
  </project>
</coverage>
