{"E:\\Work\\travpe\\travpe_fullstack\\travpe_backend\\src\\controllers\\auth.controller.ts": {"path":"E:\\Work\\travpe\\travpe_fullstack\\travpe_backend\\src\\controllers\\auth.controller.ts","statementMap":{"0":{"start":{"line":2,"column":0},"end":{"line":2,"column":46}},"1":{"start":{"line":3,"column":0},"end":{"line":3,"column":31}},"2":{"start":{"line":5,"column":15},"end":{"line":5,"column":33}},"3":{"start":{"line":8,"column":24},"end":{"line":42,"column":2}},"4":{"start":{"line":8,"column":62},"end":{"line":42,"column":2}},"5":{"start":{"line":9,"column":47},"end":{"line":9,"column":55}},"6":{"start":{"line":12,"column":1},"end":{"line":15,"column":2}},"7":{"start":{"line":13,"column":2},"end":{"line":13,"column":58}},"8":{"start":{"line":14,"column":2},"end":{"line":14,"column":9}},"9":{"start":{"line":17,"column":1},"end":{"line":41,"column":2}},"10":{"start":{"line":20,"column":15},"end":{"line":30,"column":4}},"11":{"start":{"line":31,"column":2},"end":{"line":33,"column":68}},"12":{"start":{"line":35,"column":2},"end":{"line":38,"column":3}},"13":{"start":{"line":36,"column":3},"end":{"line":36,"column":69}},"14":{"start":{"line":37,"column":3},"end":{"line":37,"column":10}},"15":{"start":{"line":39,"column":2},"end":{"line":39,"column":23}},"16":{"start":{"line":40,"column":2},"end":{"line":40,"column":73}},"17":{"start":{"line":8,"column":13},"end":{"line":8,"column":24}},"18":{"start":{"line":45,"column":21},"end":{"line":89,"column":2}},"19":{"start":{"line":45,"column":59},"end":{"line":89,"column":2}},"20":{"start":{"line":46,"column":29},"end":{"line":46,"column":37}},"21":{"start":{"line":49,"column":1},"end":{"line":52,"column":2}},"22":{"start":{"line":50,"column":2},"end":{"line":50,"column":58}},"23":{"start":{"line":51,"column":2},"end":{"line":51,"column":9}},"24":{"start":{"line":54,"column":1},"end":{"line":88,"column":2}},"25":{"start":{"line":55,"column":15},"end":{"line":59,"column":4}},"26":{"start":{"line":62,"column":2},"end":{"line":65,"column":3}},"27":{"start":{"line":63,"column":3},"end":{"line":63,"column":76}},"28":{"start":{"line":64,"column":3},"end":{"line":64,"column":10}},"29":{"start":{"line":67,"column":2},"end":{"line":67,"column":35}},"30":{"start":{"line":68,"column":26},"end":{"line":68,"column":52}},"31":{"start":{"line":72,"column":2},"end":{"line":75,"column":3}},"32":{"start":{"line":73,"column":3},"end":{"line":73,"column":55}},"33":{"start":{"line":74,"column":3},"end":{"line":74,"column":10}},"34":{"start":{"line":78,"column":16},"end":{"line":80,"column":4}},"35":{"start":{"line":82,"column":2},"end":{"line":82,"column":37}},"36":{"start":{"line":83,"column":2},"end":{"line":83,"column":60}},"37":{"start":{"line":84,"column":2},"end":{"line":84,"column":9}},"38":{"start":{"line":86,"column":2},"end":{"line":86,"column":23}},"39":{"start":{"line":87,"column":2},"end":{"line":87,"column":73}},"40":{"start":{"line":45,"column":13},"end":{"line":45,"column":21}}},"fnMap":{"0":{"name":"(anonymous_8)","decl":{"start":{"line":8,"column":24},"end":{"line":8,"column":31}},"loc":{"start":{"line":8,"column":62},"end":{"line":42,"column":2}}},"1":{"name":"(anonymous_9)","decl":{"start":{"line":8,"column":62},"end":{"line":8,"column":null}},"loc":{"start":{"line":8,"column":62},"end":{"line":42,"column":1}}},"2":{"name":"(anonymous_10)","decl":{"start":{"line":45,"column":21},"end":{"line":45,"column":28}},"loc":{"start":{"line":45,"column":59},"end":{"line":89,"column":2}}},"3":{"name":"(anonymous_11)","decl":{"start":{"line":45,"column":59},"end":{"line":45,"column":null}},"loc":{"start":{"line":45,"column":59},"end":{"line":89,"column":1}}}},"branchMap":{"0":{"loc":{"start":{"line":12,"column":1},"end":{"line":15,"column":2}},"type":"if","locations":[{"start":{"line":12,"column":1},"end":{"line":15,"column":2}}]},"1":{"loc":{"start":{"line":12,"column":5},"end":{"line":12,"column":37}},"type":"binary-expr","locations":[{"start":{"line":12,"column":5},"end":{"line":12,"column":14}},{"start":{"line":12,"column":18},"end":{"line":12,"column":24}},{"start":{"line":12,"column":28},"end":{"line":12,"column":37}}]},"2":{"loc":{"start":{"line":27,"column":5},"end":{"line":28,"column":67}},"type":"binary-expr","locations":[{"start":{"line":27,"column":5},"end":{"line":27,"column":11}},{"start":{"line":28,"column":5},"end":{"line":28,"column":67}}]},"3":{"loc":{"start":{"line":35,"column":2},"end":{"line":38,"column":3}},"type":"if","locations":[{"start":{"line":35,"column":2},"end":{"line":38,"column":3}}]},"4":{"loc":{"start":{"line":49,"column":1},"end":{"line":52,"column":2}},"type":"if","locations":[{"start":{"line":49,"column":1},"end":{"line":52,"column":2}}]},"5":{"loc":{"start":{"line":49,"column":5},"end":{"line":49,"column":24}},"type":"binary-expr","locations":[{"start":{"line":49,"column":5},"end":{"line":49,"column":11}},{"start":{"line":49,"column":15},"end":{"line":49,"column":24}}]},"6":{"loc":{"start":{"line":62,"column":2},"end":{"line":65,"column":3}},"type":"if","locations":[{"start":{"line":62,"column":2},"end":{"line":65,"column":3}}]},"7":{"loc":{"start":{"line":72,"column":2},"end":{"line":75,"column":3}},"type":"if","locations":[{"start":{"line":72,"column":2},"end":{"line":75,"column":3}}]}},"s":{"0":1,"1":1,"2":1,"3":1,"4":2,"5":2,"6":2,"7":1,"8":1,"9":1,"10":1,"11":0,"12":1,"13":1,"14":1,"15":0,"16":0,"17":1,"18":1,"19":0,"20":0,"21":0,"22":0,"23":0,"24":0,"25":0,"26":0,"27":0,"28":0,"29":0,"30":0,"31":0,"32":0,"33":0,"34":0,"35":0,"36":0,"37":0,"38":0,"39":0,"40":1},"f":{"0":2,"1":2,"2":0,"3":0},"b":{"0":[1],"1":[2,1,1],"2":[1,0],"3":[1],"4":[0],"5":[0,0],"6":[0],"7":[0]}}
}
