TN:
SF:src\controllers\auth.controller.ts
FN:8,(anonymous_8)
FN:8,(anonymous_9)
FN:45,(anonymous_10)
FN:45,(anonymous_11)
FNF:4
FNH:2
FNDA:2,(anonymous_8)
FNDA:2,(anonymous_9)
FNDA:0,(anonymous_10)
FNDA:0,(anonymous_11)
DA:2,1
DA:3,1
DA:5,1
DA:8,2
DA:9,2
DA:12,2
DA:13,1
DA:14,1
DA:17,1
DA:20,1
DA:31,0
DA:35,1
DA:36,1
DA:37,1
DA:39,0
DA:40,0
DA:45,1
DA:46,0
DA:49,0
DA:50,0
DA:51,0
DA:54,0
DA:55,0
DA:62,0
DA:63,0
DA:64,0
DA:67,0
DA:68,0
DA:72,0
DA:73,0
DA:74,0
DA:78,0
DA:82,0
DA:83,0
DA:84,0
DA:86,0
DA:87,0
LF:37
LH:14
BRDA:12,0,0,1
BRDA:12,1,0,2
BRDA:12,1,1,1
BRDA:12,1,2,1
BRDA:27,2,0,1
BRDA:27,2,1,0
BRDA:35,3,0,1
BRDA:49,4,0,0
BRDA:49,5,0,0
BRDA:49,5,1,0
BRDA:62,6,0,0
BRDA:72,7,0,0
BRF:12
BRH:6
end_of_record
